<?xml version="1.0" encoding="UTF-8"?>
<testsuite xmlns:xsi="http://www.w3.org/2001/XMLSchema-instance" xsi:noNamespaceSchemaLocation="https://maven.apache.org/surefire/maven-surefire-plugin/xsd/surefire-test-report-3.0.xsd" version="3.0" name="TestSuite" time="4.126" tests="1" errors="0" skipped="0" failures="0">
  <properties>
    <property name="java.specification.version" value="23"/>
    <property name="sun.jnu.encoding" value="UTF-8"/>
    <property name="java.class.path" value="/Users/kishanbheemajiyani/Javaworkspace/EclipseWorkSpace/KrishnasProjectTesting/target/test-classes:/Users/kishanbheemajiyani/Javaworkspace/EclipseWorkSpace/KrishnasProjectTesting/target/classes:/Users/kishanbheemajiyani/.m2/repository/net/anthavio/phanbedder-1.9.8/1.0.0/phanbedder-1.9.8-1.0.0.jar:/Users/kishanbheemajiyani/.m2/repository/com/github/detro/phantomjsdriver/1.2.0/phantomjsdriver-1.2.0.jar:/Users/kishanbheemajiyani/.m2/repository/org/testng/testng/6.8.21/testng-6.8.21.jar:/Users/kishanbheemajiyani/.m2/repository/org/beanshell/bsh/2.0b4/bsh-2.0b4.jar:/Users/kishanbheemajiyani/.m2/repository/com/beust/jcommander/1.27/jcommander-1.27.jar:/Users/kishanbheemajiyani/.m2/repository/com/github/jsdevel/testng-selenium/0.10.0/testng-selenium-0.10.0.jar:/Users/kishanbheemajiyani/.m2/repository/org/seleniumhq/selenium/selenium-java/4.28.0/selenium-java-4.28.0.jar:/Users/kishanbheemajiyani/.m2/repository/org/seleniumhq/selenium/selenium-api/4.28.0/selenium-api-4.28.0.jar:/Users/kishanbheemajiyani/.m2/repository/org/jspecify/jspecify/1.0.0/jspecify-1.0.0.jar:/Users/kishanbheemajiyani/.m2/repository/org/seleniumhq/selenium/selenium-chrome-driver/4.28.0/selenium-chrome-driver-4.28.0.jar:/Users/kishanbheemajiyani/.m2/repository/org/seleniumhq/selenium/selenium-chromium-driver/4.28.0/selenium-chromium-driver-4.28.0.jar:/Users/kishanbheemajiyani/.m2/repository/org/seleniumhq/selenium/selenium-devtools-v130/4.28.0/selenium-devtools-v130-4.28.0.jar:/Users/kishanbheemajiyani/.m2/repository/org/seleniumhq/selenium/selenium-devtools-v131/4.28.0/selenium-devtools-v131-4.28.0.jar:/Users/kishanbheemajiyani/.m2/repository/org/seleniumhq/selenium/selenium-devtools-v132/4.28.0/selenium-devtools-v132-4.28.0.jar:/Users/kishanbheemajiyani/.m2/repository/org/seleniumhq/selenium/selenium-devtools-v85/4.28.0/selenium-devtools-v85-4.28.0.jar:/Users/kishanbheemajiyani/.m2/repository/org/seleniumhq/selenium/selenium-edge-driver/4.28.0/selenium-edge-driver-4.28.0.jar:/Users/kishanbheemajiyani/.m2/repository/org/seleniumhq/selenium/selenium-firefox-driver/4.28.0/selenium-firefox-driver-4.28.0.jar:/Users/kishanbheemajiyani/.m2/repository/org/seleniumhq/selenium/selenium-ie-driver/4.28.0/selenium-ie-driver-4.28.0.jar:/Users/kishanbheemajiyani/.m2/repository/org/seleniumhq/selenium/selenium-safari-driver/4.28.0/selenium-safari-driver-4.28.0.jar:/Users/kishanbheemajiyani/.m2/repository/org/seleniumhq/selenium/selenium-support/4.28.0/selenium-support-4.28.0.jar:/Users/kishanbheemajiyani/.m2/repository/org/seleniumhq/selenium/selenium-remote-driver/4.28.0/selenium-remote-driver-4.28.0.jar:/Users/kishanbheemajiyani/.m2/repository/com/google/auto/service/auto-service-annotations/1.1.1/auto-service-annotations-1.1.1.jar:/Users/kishanbheemajiyani/.m2/repository/com/google/guava/guava/33.4.0-jre/guava-33.4.0-jre.jar:/Users/kishanbheemajiyani/.m2/repository/com/google/guava/failureaccess/1.0.2/failureaccess-1.0.2.jar:/Users/kishanbheemajiyani/.m2/repository/com/google/guava/listenablefuture/9999.0-empty-to-avoid-conflict-with-guava/listenablefuture-9999.0-empty-to-avoid-conflict-with-guava.jar:/Users/kishanbheemajiyani/.m2/repository/com/google/code/findbugs/jsr305/3.0.2/jsr305-3.0.2.jar:/Users/kishanbheemajiyani/.m2/repository/org/checkerframework/checker-qual/3.43.0/checker-qual-3.43.0.jar:/Users/kishanbheemajiyani/.m2/repository/com/google/j2objc/j2objc-annotations/3.0.0/j2objc-annotations-3.0.0.jar:/Users/kishanbheemajiyani/.m2/repository/io/opentelemetry/semconv/opentelemetry-semconv/1.28.0-alpha/opentelemetry-semconv-1.28.0-alpha.jar:/Users/kishanbheemajiyani/.m2/repository/io/opentelemetry/opentelemetry-api/1.46.0/opentelemetry-api-1.46.0.jar:/Users/kishanbheemajiyani/.m2/repository/io/opentelemetry/opentelemetry-context/1.46.0/opentelemetry-context-1.46.0.jar:/Users/kishanbheemajiyani/.m2/repository/io/opentelemetry/opentelemetry-exporter-logging/1.46.0/opentelemetry-exporter-logging-1.46.0.jar:/Users/kishanbheemajiyani/.m2/repository/io/opentelemetry/opentelemetry-sdk-common/1.46.0/opentelemetry-sdk-common-1.46.0.jar:/Users/kishanbheemajiyani/.m2/repository/io/opentelemetry/opentelemetry-sdk-extension-autoconfigure-spi/1.46.0/opentelemetry-sdk-extension-autoconfigure-spi-1.46.0.jar:/Users/kishanbheemajiyani/.m2/repository/io/opentelemetry/opentelemetry-sdk-extension-autoconfigure/1.46.0/opentelemetry-sdk-extension-autoconfigure-1.46.0.jar:/Users/kishanbheemajiyani/.m2/repository/io/opentelemetry/opentelemetry-api-incubator/1.46.0-alpha/opentelemetry-api-incubator-1.46.0-alpha.jar:/Users/kishanbheemajiyani/.m2/repository/io/opentelemetry/opentelemetry-sdk-trace/1.46.0/opentelemetry-sdk-trace-1.46.0.jar:/Users/kishanbheemajiyani/.m2/repository/io/opentelemetry/opentelemetry-sdk/1.46.0/opentelemetry-sdk-1.46.0.jar:/Users/kishanbheemajiyani/.m2/repository/io/opentelemetry/opentelemetry-sdk-metrics/1.46.0/opentelemetry-sdk-metrics-1.46.0.jar:/Users/kishanbheemajiyani/.m2/repository/io/opentelemetry/opentelemetry-sdk-logs/1.46.0/opentelemetry-sdk-logs-1.46.0.jar:/Users/kishanbheemajiyani/.m2/repository/net/bytebuddy/byte-buddy/1.15.11/byte-buddy-1.15.11.jar:/Users/kishanbheemajiyani/.m2/repository/org/seleniumhq/selenium/selenium-http/4.28.0/selenium-http-4.28.0.jar:/Users/kishanbheemajiyani/.m2/repository/org/seleniumhq/selenium/selenium-json/4.28.0/selenium-json-4.28.0.jar:/Users/kishanbheemajiyani/.m2/repository/org/seleniumhq/selenium/selenium-manager/4.28.0/selenium-manager-4.28.0.jar:/Users/kishanbheemajiyani/.m2/repository/org/seleniumhq/selenium/selenium-os/4.28.0/selenium-os-4.28.0.jar:/Users/kishanbheemajiyani/.m2/repository/org/apache/commons/commons-exec/1.4.0/commons-exec-1.4.0.jar:/Users/kishanbheemajiyani/.m2/repository/io/github/bonigarcia/webdrivermanager/5.9.2/webdrivermanager-5.9.2.jar:/Users/kishanbheemajiyani/.m2/repository/org/slf4j/slf4j-api/2.0.13/slf4j-api-2.0.13.jar:/Users/kishanbheemajiyani/.m2/repository/com/github/docker-java/docker-java/3.4.0/docker-java-3.4.0.jar:/Users/kishanbheemajiyani/.m2/repository/com/github/docker-java/docker-java-core/3.4.0/docker-java-core-3.4.0.jar:/Users/kishanbheemajiyani/.m2/repository/com/github/docker-java/docker-java-api/3.4.0/docker-java-api-3.4.0.jar:/Users/kishanbheemajiyani/.m2/repository/com/fasterxml/jackson/core/jackson-annotations/2.10.3/jackson-annotations-2.10.3.jar:/Users/kishanbheemajiyani/.m2/repository/com/fasterxml/jackson/core/jackson-databind/2.10.3/jackson-databind-2.10.3.jar:/Users/kishanbheemajiyani/.m2/repository/org/slf4j/jcl-over-slf4j/1.7.30/jcl-over-slf4j-1.7.30.jar:/Users/kishanbheemajiyani/.m2/repository/com/github/docker-java/docker-java-transport-httpclient5/3.4.0/docker-java-transport-httpclient5-3.4.0.jar:/Users/kishanbheemajiyani/.m2/repository/com/github/docker-java/docker-java-transport/3.4.0/docker-java-transport-3.4.0.jar:/Users/kishanbheemajiyani/.m2/repository/net/java/dev/jna/jna/5.13.0/jna-5.13.0.jar:/Users/kishanbheemajiyani/.m2/repository/org/brotli/dec/0.1.2/dec-0.1.2.jar:/Users/kishanbheemajiyani/.m2/repository/org/apache/commons/commons-lang3/3.15.0/commons-lang3-3.15.0.jar:/Users/kishanbheemajiyani/.m2/repository/org/apache/commons/commons-compress/1.26.2/commons-compress-1.26.2.jar:/Users/kishanbheemajiyani/.m2/repository/commons-codec/commons-codec/1.17.0/commons-codec-1.17.0.jar:/Users/kishanbheemajiyani/.m2/repository/org/apache/httpcomponents/client5/httpclient5/5.2.1/httpclient5-5.2.1.jar:/Users/kishanbheemajiyani/.m2/repository/org/apache/httpcomponents/core5/httpcore5/5.2/httpcore5-5.2.jar:/Users/kishanbheemajiyani/.m2/repository/org/apache/httpcomponents/core5/httpcore5-h2/5.2/httpcore5-h2-5.2.jar:/Users/kishanbheemajiyani/.m2/repository/commons-io/commons-io/2.18.0/commons-io-2.18.0.jar:/Users/kishanbheemajiyani/.m2/repository/com/fasterxml/jackson/core/jackson-core/2.18.2/jackson-core-2.18.2.jar:/Users/kishanbheemajiyani/.m2/repository/com/google/code/gson/gson/2.12.1/gson-2.12.1.jar:/Users/kishanbheemajiyani/.m2/repository/com/google/errorprone/error_prone_annotations/2.36.0/error_prone_annotations-2.36.0.jar:/Users/kishanbheemajiyani/.m2/repository/ch/qos/logback/logback-classic/1.5.16/logback-classic-1.5.16.jar:/Users/kishanbheemajiyani/.m2/repository/ch/qos/logback/logback-core/1.5.16/logback-core-1.5.16.jar:/Users/kishanbheemajiyani/.m2/repository/org/apache/logging/log4j/log4j-slf4j-impl/2.24.3/log4j-slf4j-impl-2.24.3.jar:/Users/kishanbheemajiyani/.m2/repository/org/apache/logging/log4j/log4j-api/2.24.3/log4j-api-2.24.3.jar:/Users/kishanbheemajiyani/.m2/repository/org/apache/logging/log4j/log4j-core/2.24.3/log4j-core-2.24.3.jar:/Users/kishanbheemajiyani/.m2/repository/log4j/log4j/1.2.17/log4j-1.2.17.jar:"/>
    <property name="java.vm.vendor" value="Oracle Corporation"/>
    <property name="sun.arch.data.model" value="64"/>
    <property name="java.vendor.url" value="https://java.oracle.com/"/>
    <property name="user.timezone" value="America/Toronto"/>
    <property name="os.name" value="Mac OS X"/>
    <property name="java.vm.specification.version" value="23"/>
    <property name="sun.java.launcher" value="SUN_STANDARD"/>
    <property name="user.country" value="CA"/>
    <property name="sun.boot.library.path" value="/Library/Java/JavaVirtualMachines/jdk-23.jdk/Contents/Home/lib"/>
    <property name="sun.java.command" value="/Users/kishanbheemajiyani/Javaworkspace/EclipseWorkSpace/KrishnasProjectTesting/target/surefire/surefirebooter-20250206135418095_3.jar /Users/kishanbheemajiyani/Javaworkspace/EclipseWorkSpace/KrishnasProjectTesting/target/surefire 2025-02-06T13-54-18_062-jvmRun1 surefire-20250206135418095_1tmp surefire_0-20250206135418095_2tmp"/>
    <property name="http.nonProxyHosts" value="local|*.local|169.254/16|*.169.254/16"/>
    <property name="jdk.debug" value="release"/>
    <property name="surefire.test.class.path" value="/Users/kishanbheemajiyani/Javaworkspace/EclipseWorkSpace/KrishnasProjectTesting/target/test-classes:/Users/kishanbheemajiyani/Javaworkspace/EclipseWorkSpace/KrishnasProjectTesting/target/classes:/Users/kishanbheemajiyani/.m2/repository/net/anthavio/phanbedder-1.9.8/1.0.0/phanbedder-1.9.8-1.0.0.jar:/Users/kishanbheemajiyani/.m2/repository/com/github/detro/phantomjsdriver/1.2.0/phantomjsdriver-1.2.0.jar:/Users/kishanbheemajiyani/.m2/repository/org/testng/testng/6.8.21/testng-6.8.21.jar:/Users/kishanbheemajiyani/.m2/repository/org/beanshell/bsh/2.0b4/bsh-2.0b4.jar:/Users/kishanbheemajiyani/.m2/repository/com/beust/jcommander/1.27/jcommander-1.27.jar:/Users/kishanbheemajiyani/.m2/repository/com/github/jsdevel/testng-selenium/0.10.0/testng-selenium-0.10.0.jar:/Users/kishanbheemajiyani/.m2/repository/org/seleniumhq/selenium/selenium-java/4.28.0/selenium-java-4.28.0.jar:/Users/kishanbheemajiyani/.m2/repository/org/seleniumhq/selenium/selenium-api/4.28.0/selenium-api-4.28.0.jar:/Users/kishanbheemajiyani/.m2/repository/org/jspecify/jspecify/1.0.0/jspecify-1.0.0.jar:/Users/kishanbheemajiyani/.m2/repository/org/seleniumhq/selenium/selenium-chrome-driver/4.28.0/selenium-chrome-driver-4.28.0.jar:/Users/kishanbheemajiyani/.m2/repository/org/seleniumhq/selenium/selenium-chromium-driver/4.28.0/selenium-chromium-driver-4.28.0.jar:/Users/kishanbheemajiyani/.m2/repository/org/seleniumhq/selenium/selenium-devtools-v130/4.28.0/selenium-devtools-v130-4.28.0.jar:/Users/kishanbheemajiyani/.m2/repository/org/seleniumhq/selenium/selenium-devtools-v131/4.28.0/selenium-devtools-v131-4.28.0.jar:/Users/kishanbheemajiyani/.m2/repository/org/seleniumhq/selenium/selenium-devtools-v132/4.28.0/selenium-devtools-v132-4.28.0.jar:/Users/kishanbheemajiyani/.m2/repository/org/seleniumhq/selenium/selenium-devtools-v85/4.28.0/selenium-devtools-v85-4.28.0.jar:/Users/kishanbheemajiyani/.m2/repository/org/seleniumhq/selenium/selenium-edge-driver/4.28.0/selenium-edge-driver-4.28.0.jar:/Users/kishanbheemajiyani/.m2/repository/org/seleniumhq/selenium/selenium-firefox-driver/4.28.0/selenium-firefox-driver-4.28.0.jar:/Users/kishanbheemajiyani/.m2/repository/org/seleniumhq/selenium/selenium-ie-driver/4.28.0/selenium-ie-driver-4.28.0.jar:/Users/kishanbheemajiyani/.m2/repository/org/seleniumhq/selenium/selenium-safari-driver/4.28.0/selenium-safari-driver-4.28.0.jar:/Users/kishanbheemajiyani/.m2/repository/org/seleniumhq/selenium/selenium-support/4.28.0/selenium-support-4.28.0.jar:/Users/kishanbheemajiyani/.m2/repository/org/seleniumhq/selenium/selenium-remote-driver/4.28.0/selenium-remote-driver-4.28.0.jar:/Users/kishanbheemajiyani/.m2/repository/com/google/auto/service/auto-service-annotations/1.1.1/auto-service-annotations-1.1.1.jar:/Users/kishanbheemajiyani/.m2/repository/com/google/guava/guava/33.4.0-jre/guava-33.4.0-jre.jar:/Users/kishanbheemajiyani/.m2/repository/com/google/guava/failureaccess/1.0.2/failureaccess-1.0.2.jar:/Users/kishanbheemajiyani/.m2/repository/com/google/guava/listenablefuture/9999.0-empty-to-avoid-conflict-with-guava/listenablefuture-9999.0-empty-to-avoid-conflict-with-guava.jar:/Users/kishanbheemajiyani/.m2/repository/com/google/code/findbugs/jsr305/3.0.2/jsr305-3.0.2.jar:/Users/kishanbheemajiyani/.m2/repository/org/checkerframework/checker-qual/3.43.0/checker-qual-3.43.0.jar:/Users/kishanbheemajiyani/.m2/repository/com/google/j2objc/j2objc-annotations/3.0.0/j2objc-annotations-3.0.0.jar:/Users/kishanbheemajiyani/.m2/repository/io/opentelemetry/semconv/opentelemetry-semconv/1.28.0-alpha/opentelemetry-semconv-1.28.0-alpha.jar:/Users/kishanbheemajiyani/.m2/repository/io/opentelemetry/opentelemetry-api/1.46.0/opentelemetry-api-1.46.0.jar:/Users/kishanbheemajiyani/.m2/repository/io/opentelemetry/opentelemetry-context/1.46.0/opentelemetry-context-1.46.0.jar:/Users/kishanbheemajiyani/.m2/repository/io/opentelemetry/opentelemetry-exporter-logging/1.46.0/opentelemetry-exporter-logging-1.46.0.jar:/Users/kishanbheemajiyani/.m2/repository/io/opentelemetry/opentelemetry-sdk-common/1.46.0/opentelemetry-sdk-common-1.46.0.jar:/Users/kishanbheemajiyani/.m2/repository/io/opentelemetry/opentelemetry-sdk-extension-autoconfigure-spi/1.46.0/opentelemetry-sdk-extension-autoconfigure-spi-1.46.0.jar:/Users/kishanbheemajiyani/.m2/repository/io/opentelemetry/opentelemetry-sdk-extension-autoconfigure/1.46.0/opentelemetry-sdk-extension-autoconfigure-1.46.0.jar:/Users/kishanbheemajiyani/.m2/repository/io/opentelemetry/opentelemetry-api-incubator/1.46.0-alpha/opentelemetry-api-incubator-1.46.0-alpha.jar:/Users/kishanbheemajiyani/.m2/repository/io/opentelemetry/opentelemetry-sdk-trace/1.46.0/opentelemetry-sdk-trace-1.46.0.jar:/Users/kishanbheemajiyani/.m2/repository/io/opentelemetry/opentelemetry-sdk/1.46.0/opentelemetry-sdk-1.46.0.jar:/Users/kishanbheemajiyani/.m2/repository/io/opentelemetry/opentelemetry-sdk-metrics/1.46.0/opentelemetry-sdk-metrics-1.46.0.jar:/Users/kishanbheemajiyani/.m2/repository/io/opentelemetry/opentelemetry-sdk-logs/1.46.0/opentelemetry-sdk-logs-1.46.0.jar:/Users/kishanbheemajiyani/.m2/repository/net/bytebuddy/byte-buddy/1.15.11/byte-buddy-1.15.11.jar:/Users/kishanbheemajiyani/.m2/repository/org/seleniumhq/selenium/selenium-http/4.28.0/selenium-http-4.28.0.jar:/Users/kishanbheemajiyani/.m2/repository/org/seleniumhq/selenium/selenium-json/4.28.0/selenium-json-4.28.0.jar:/Users/kishanbheemajiyani/.m2/repository/org/seleniumhq/selenium/selenium-manager/4.28.0/selenium-manager-4.28.0.jar:/Users/kishanbheemajiyani/.m2/repository/org/seleniumhq/selenium/selenium-os/4.28.0/selenium-os-4.28.0.jar:/Users/kishanbheemajiyani/.m2/repository/org/apache/commons/commons-exec/1.4.0/commons-exec-1.4.0.jar:/Users/kishanbheemajiyani/.m2/repository/io/github/bonigarcia/webdrivermanager/5.9.2/webdrivermanager-5.9.2.jar:/Users/kishanbheemajiyani/.m2/repository/org/slf4j/slf4j-api/2.0.13/slf4j-api-2.0.13.jar:/Users/kishanbheemajiyani/.m2/repository/com/github/docker-java/docker-java/3.4.0/docker-java-3.4.0.jar:/Users/kishanbheemajiyani/.m2/repository/com/github/docker-java/docker-java-core/3.4.0/docker-java-core-3.4.0.jar:/Users/kishanbheemajiyani/.m2/repository/com/github/docker-java/docker-java-api/3.4.0/docker-java-api-3.4.0.jar:/Users/kishanbheemajiyani/.m2/repository/com/fasterxml/jackson/core/jackson-annotations/2.10.3/jackson-annotations-2.10.3.jar:/Users/kishanbheemajiyani/.m2/repository/com/fasterxml/jackson/core/jackson-databind/2.10.3/jackson-databind-2.10.3.jar:/Users/kishanbheemajiyani/.m2/repository/org/slf4j/jcl-over-slf4j/1.7.30/jcl-over-slf4j-1.7.30.jar:/Users/kishanbheemajiyani/.m2/repository/com/github/docker-java/docker-java-transport-httpclient5/3.4.0/docker-java-transport-httpclient5-3.4.0.jar:/Users/kishanbheemajiyani/.m2/repository/com/github/docker-java/docker-java-transport/3.4.0/docker-java-transport-3.4.0.jar:/Users/kishanbheemajiyani/.m2/repository/net/java/dev/jna/jna/5.13.0/jna-5.13.0.jar:/Users/kishanbheemajiyani/.m2/repository/org/brotli/dec/0.1.2/dec-0.1.2.jar:/Users/kishanbheemajiyani/.m2/repository/org/apache/commons/commons-lang3/3.15.0/commons-lang3-3.15.0.jar:/Users/kishanbheemajiyani/.m2/repository/org/apache/commons/commons-compress/1.26.2/commons-compress-1.26.2.jar:/Users/kishanbheemajiyani/.m2/repository/commons-codec/commons-codec/1.17.0/commons-codec-1.17.0.jar:/Users/kishanbheemajiyani/.m2/repository/org/apache/httpcomponents/client5/httpclient5/5.2.1/httpclient5-5.2.1.jar:/Users/kishanbheemajiyani/.m2/repository/org/apache/httpcomponents/core5/httpcore5/5.2/httpcore5-5.2.jar:/Users/kishanbheemajiyani/.m2/repository/org/apache/httpcomponents/core5/httpcore5-h2/5.2/httpcore5-h2-5.2.jar:/Users/kishanbheemajiyani/.m2/repository/commons-io/commons-io/2.18.0/commons-io-2.18.0.jar:/Users/kishanbheemajiyani/.m2/repository/com/fasterxml/jackson/core/jackson-core/2.18.2/jackson-core-2.18.2.jar:/Users/kishanbheemajiyani/.m2/repository/com/google/code/gson/gson/2.12.1/gson-2.12.1.jar:/Users/kishanbheemajiyani/.m2/repository/com/google/errorprone/error_prone_annotations/2.36.0/error_prone_annotations-2.36.0.jar:/Users/kishanbheemajiyani/.m2/repository/ch/qos/logback/logback-classic/1.5.16/logback-classic-1.5.16.jar:/Users/kishanbheemajiyani/.m2/repository/ch/qos/logback/logback-core/1.5.16/logback-core-1.5.16.jar:/Users/kishanbheemajiyani/.m2/repository/org/apache/logging/log4j/log4j-slf4j-impl/2.24.3/log4j-slf4j-impl-2.24.3.jar:/Users/kishanbheemajiyani/.m2/repository/org/apache/logging/log4j/log4j-api/2.24.3/log4j-api-2.24.3.jar:/Users/kishanbheemajiyani/.m2/repository/org/apache/logging/log4j/log4j-core/2.24.3/log4j-core-2.24.3.jar:/Users/kishanbheemajiyani/.m2/repository/log4j/log4j/1.2.17/log4j-1.2.17.jar:"/>
    <property name="sun.cpu.endian" value="little"/>
    <property name="user.home" value="/Users/kishanbheemajiyani"/>
    <property name="user.language" value="en"/>
    <property name="testng.selenium.endpoint" value="https://google.com"/>
    <property name="java.specification.vendor" value="Oracle Corporation"/>
    <property name="java.version.date" value="2024-10-15"/>
    <property name="java.home" value="/Library/Java/JavaVirtualMachines/jdk-23.jdk/Contents/Home"/>
    <property name="file.separator" value="/"/>
    <property name="basedir" value="/Users/kishanbheemajiyani/Javaworkspace/EclipseWorkSpace/KrishnasProjectTesting"/>
    <property name="style.color" value="always"/>
    <property name="java.vm.compressedOopsMode" value="Zero based"/>
    <property name="line.separator" value="&#10;"/>
    <property name="java.vm.specification.vendor" value="Oracle Corporation"/>
    <property name="java.specification.name" value="Java Platform API Specification"/>
    <property name="apple.awt.application.name" value="ForkedBooter"/>
    <property name="surefire.real.class.path" value="/Users/kishanbheemajiyani/Javaworkspace/EclipseWorkSpace/KrishnasProjectTesting/target/surefire/surefirebooter-20250206135418095_3.jar"/>
    <property name="sun.management.compiler" value="HotSpot 64-Bit Tiered Compilers"/>
    <property name="ftp.nonProxyHosts" value="local|*.local|169.254/16|*.169.254/16"/>
    <property name="java.runtime.version" value="23.0.1+11-39"/>
    <property name="user.name" value="kishanbheemajiyani"/>
    <property name="stdout.encoding" value="UTF-8"/>
    <property name="path.separator" value=":"/>
    <property name="os.version" value="15.3"/>
    <property name="java.runtime.name" value="Java(TM) SE Runtime Environment"/>
    <property name="file.encoding" value="UTF-8"/>
    <property name="java.vm.name" value="Java HotSpot(TM) 64-Bit Server VM"/>
    <property name="localRepository" value="/Users/kishanbheemajiyani/.m2/repository"/>
    <property name="java.vendor.url.bug" value="https://bugreport.java.com/bugreport/"/>
    <property name="java.io.tmpdir" value="/var/folders/6h/cywp419j5y52g3_76ndrmt8c0000gn/T/"/>
    <property name="java.version" value="23.0.1"/>
    <property name="user.dir" value="/Users/kishanbheemajiyani/Javaworkspace/EclipseWorkSpace/KrishnasProjectTesting"/>
    <property name="os.arch" value="aarch64"/>
    <property name="webdriver.gecko.driver" value="/Users/kishanbheemajiyani/.cache/selenium/geckodriver/mac-arm64/0.35.0/geckodriver"/>
    <property name="java.vm.specification.name" value="Java Virtual Machine Specification"/>
    <property name="native.encoding" value="UTF-8"/>
    <property name="java.library.path" value="/Users/kishanbheemajiyani/Library/Java/Extensions:/Library/Java/Extensions:/Network/Library/Java/Extensions:/System/Library/Java/Extensions:/usr/lib/java:."/>
    <property name="java.vm.info" value="mixed mode, sharing"/>
    <property name="stderr.encoding" value="UTF-8"/>
    <property name="java.vendor" value="Oracle Corporation"/>
    <property name="java.vm.version" value="23.0.1+11-39"/>
    <property name="sun.io.unicode.encoding" value="UnicodeBig"/>
    <property name="socksNonProxyHosts" value="local|*.local|169.254/16|*.169.254/16"/>
    <property name="java.class.version" value="67.0"/>
  </properties>
  <testcase name="ElementPresetTest" classname="com.krishnas.KrishnasProjectTesting.suites.ArtOfTestingPageCase1" time="0.003">
    <system-out><![CDATA[Environment Configuration File --> {TestSettings={BrowserType=firefox, TimeOut=120, Country_of_birth=India, BaseUrl="http://www.google.com"}}
Page title is: Google
]]></system-out>
    <system-err><![CDATA[Feb 06, 2025 1:54:20 P.M. org.openqa.selenium.firefox.FirefoxDriver <init>
WARNING: CDP support for Firefox is deprecated and will be removed in future versions. Please switch to WebDriver BiDi.
]]></system-err>
  </testcase>
</testsuite>